<?xml version="1.0" encoding="UTF-8"?>
<!-- Generated by org.testng.reporters.JUnitReportReporter -->
<testsuite skipped="0" hostname="Surendar-GSR" name="com.nopEcommerce.test_cases.TestCase_LoginTest_001" tests="1" failures="0" timestamp="30 Dec 2021 07:09:02 GMT" time="36.791" errors="0">
  <testcase name="LoginTest" time="36.791" classname="com.nopEcommerce.test_cases.TestCase_LoginTest_001"/>
</testsuite> <!-- com.nopEcommerce.test_cases.TestCase_LoginTest_001 -->
